<?xml version="1.0" encoding="UTF-8"?>
<!-- Generated by org.testng.reporters.JUnitReportReporter -->
<testsuite hostname="LAPTOP-RAGTTIV5" failures="0" tests="20" name="tests.SearchHotelTest" time="0.000" errors="0" timestamp="2025-04-09T04:59:33 IST" skipped="20">
  <testcase classname="tests.SearchHotelTest" name="searchHotelTests" time="0.000">
    <skipped/>
  </testcase> <!-- searchHotelTests -->
  <testcase classname="tests.SearchHotelTest" name="searchHotelTests" time="0.000">
    <skipped/>
  </testcase> <!-- searchHotelTests -->
  <testcase classname="tests.SearchHotelTest" name="searchHotelTests" time="0.000">
    <skipped/>
  </testcase> <!-- searchHotelTests -->
  <testcase classname="tests.SearchHotelTest" name="searchHotelTests" time="0.000">
    <skipped/>
  </testcase> <!-- searchHotelTests -->
  <testcase classname="tests.SearchHotelTest" name="searchHotelTests" time="0.000">
    <skipped/>
  </testcase> <!-- searchHotelTests -->
  <testcase classname="tests.SearchHotelTest" name="searchHotelTests" time="0.000">
    <skipped/>
  </testcase> <!-- searchHotelTests -->
  <testcase classname="tests.SearchHotelTest" name="searchHotelTests" time="0.000">
    <skipped/>
  </testcase> <!-- searchHotelTests -->
  <testcase classname="tests.SearchHotelTest" name="searchHotelTests" time="0.000">
    <skipped/>
  </testcase> <!-- searchHotelTests -->
  <testcase classname="tests.SearchHotelTest" name="searchHotelTests" time="0.000">
    <skipped/>
  </testcase> <!-- searchHotelTests -->
  <testcase classname="tests.SearchHotelTest" name="searchHotelTests" time="0.000">
    <skipped/>
  </testcase> <!-- searchHotelTests -->
  <testcase classname="tests.SearchHotelTest" name="searchHotelTests" time="0.000">
    <skipped/>
  </testcase> <!-- searchHotelTests -->
  <testcase classname="tests.SearchHotelTest" name="searchHotelTests" time="0.000">
    <skipped/>
  </testcase> <!-- searchHotelTests -->
  <testcase classname="tests.SearchHotelTest" name="searchHotelTests" time="0.000">
    <skipped/>
  </testcase> <!-- searchHotelTests -->
  <testcase classname="tests.SearchHotelTest" name="searchHotelTests" time="0.000">
    <skipped/>
  </testcase> <!-- searchHotelTests -->
  <testcase classname="tests.SearchHotelTest" name="searchHotelTests" time="0.000">
    <skipped/>
  </testcase> <!-- searchHotelTests -->
  <testcase classname="tests.SearchHotelTest" name="searchHotelTests" time="0.000">
    <skipped/>
  </testcase> <!-- searchHotelTests -->
  <testcase classname="tests.SearchHotelTest" name="searchHotelTests" time="0.000">
    <skipped/>
  </testcase> <!-- searchHotelTests -->
  <testcase classname="tests.SearchHotelTest" name="searchHotelTests" time="0.000">
    <skipped/>
  </testcase> <!-- searchHotelTests -->
  <testcase classname="tests.SearchHotelTest" name="searchHotelTests" time="0.000">
    <skipped/>
  </testcase> <!-- searchHotelTests -->
  <testcase classname="tests.SearchHotelTest" name="searchHotelTests" time="0.000">
    <skipped/>
  </testcase> <!-- searchHotelTests -->
</testsuite> <!-- tests.SearchHotelTest -->
