<?xml version="1.0" encoding="UTF-8"?>
<!-- Generated by org.testng.reporters.JUnitReportReporter -->
<testsuite hostname="LAPTOP-RAGTTIV5" failures="0" tests="24" name="tests.LogoutTest" time="0.000" errors="0" timestamp="2025-04-09T04:59:33 IST" skipped="24">
  <testcase classname="tests.LogoutTest" name="logoutBtnVisible" time="0.000">
    <skipped/>
  </testcase> <!-- logoutBtnVisible -->
  <testcase classname="tests.LogoutTest" name="logoutBtnVisible" time="0.000">
    <skipped/>
  </testcase> <!-- logoutBtnVisible -->
  <testcase classname="tests.LogoutTest" name="logoutBtnVisible" time="0.000">
    <skipped/>
  </testcase> <!-- logoutBtnVisible -->
  <testcase classname="tests.LogoutTest" name="logoutBtnVisible" time="0.000">
    <skipped/>
  </testcase> <!-- logoutBtnVisible -->
  <testcase classname="tests.LogoutTest" name="validLogout" time="0.000">
    <skipped/>
  </testcase> <!-- validLogout -->
  <testcase classname="tests.LogoutTest" name="validLogout" time="0.000">
    <skipped/>
  </testcase> <!-- validLogout -->
  <testcase classname="tests.LogoutTest" name="validLogout" time="0.000">
    <skipped/>
  </testcase> <!-- validLogout -->
  <testcase classname="tests.LogoutTest" name="validLogout" time="0.000">
    <skipped/>
  </testcase> <!-- validLogout -->
  <testcase classname="tests.LogoutTest" name="testDirectLogoutWithoutLogin" time="0.000">
    <skipped/>
  </testcase> <!-- testDirectLogoutWithoutLogin -->
  <testcase classname="tests.LogoutTest" name="testDirectLogoutWithoutLogin" time="0.000">
    <skipped/>
  </testcase> <!-- testDirectLogoutWithoutLogin -->
  <testcase classname="tests.LogoutTest" name="testDirectLogoutWithoutLogin" time="0.000">
    <skipped/>
  </testcase> <!-- testDirectLogoutWithoutLogin -->
  <testcase classname="tests.LogoutTest" name="testDirectLogoutWithoutLogin" time="0.000">
    <skipped/>
  </testcase> <!-- testDirectLogoutWithoutLogin -->
  <testcase classname="tests.LogoutTest" name="refreshAfterLogout" time="0.000">
    <skipped/>
  </testcase> <!-- refreshAfterLogout -->
  <testcase classname="tests.LogoutTest" name="refreshAfterLogout" time="0.000">
    <skipped/>
  </testcase> <!-- refreshAfterLogout -->
  <testcase classname="tests.LogoutTest" name="refreshAfterLogout" time="0.000">
    <skipped/>
  </testcase> <!-- refreshAfterLogout -->
  <testcase classname="tests.LogoutTest" name="refreshAfterLogout" time="0.000">
    <skipped/>
  </testcase> <!-- refreshAfterLogout -->
  <testcase classname="tests.LogoutTest" name="testLogoutInMultipleTabs" time="0.000">
    <skipped/>
  </testcase> <!-- testLogoutInMultipleTabs -->
  <testcase classname="tests.LogoutTest" name="testLogoutInMultipleTabs" time="0.000">
    <skipped/>
  </testcase> <!-- testLogoutInMultipleTabs -->
  <testcase classname="tests.LogoutTest" name="testLogoutInMultipleTabs" time="0.000">
    <skipped/>
  </testcase> <!-- testLogoutInMultipleTabs -->
  <testcase classname="tests.LogoutTest" name="testLogoutInMultipleTabs" time="0.000">
    <skipped/>
  </testcase> <!-- testLogoutInMultipleTabs -->
  <testcase classname="tests.LogoutTest" name="testLogoutWithInvalidSession" time="0.000">
    <skipped/>
  </testcase> <!-- testLogoutWithInvalidSession -->
  <testcase classname="tests.LogoutTest" name="testLogoutWithInvalidSession" time="0.000">
    <skipped/>
  </testcase> <!-- testLogoutWithInvalidSession -->
  <testcase classname="tests.LogoutTest" name="testLogoutWithInvalidSession" time="0.000">
    <skipped/>
  </testcase> <!-- testLogoutWithInvalidSession -->
  <testcase classname="tests.LogoutTest" name="testLogoutWithInvalidSession" time="0.000">
    <skipped/>
  </testcase> <!-- testLogoutWithInvalidSession -->
</testsuite> <!-- tests.LogoutTest -->
