<?xml version="1.0" encoding="UTF-8"?>
<!-- Generated by org.testng.reporters.JUnitReportReporter -->
<testsuite hostname="LAPTOP-RAGTTIV5" failures="0" tests="8" name="tests.SelectHotelTest" time="0.001" errors="0" timestamp="2025-04-09T04:59:33 IST" skipped="8">
  <testcase classname="tests.SelectHotelTest" name="testSelectHotelAndContinue" time="0.000">
    <skipped/>
  </testcase> <!-- testSelectHotelAndContinue -->
  <testcase classname="tests.SelectHotelTest" name="testSelectHotelAndContinue" time="0.001">
    <skipped/>
  </testcase> <!-- testSelectHotelAndContinue -->
  <testcase classname="tests.SelectHotelTest" name="testSelectHotelAndContinue" time="0.000">
    <skipped/>
  </testcase> <!-- testSelectHotelAndContinue -->
  <testcase classname="tests.SelectHotelTest" name="testSelectHotelAndContinue" time="0.000">
    <skipped/>
  </testcase> <!-- testSelectHotelAndContinue -->
  <testcase classname="tests.SelectHotelTest" name="testContinueWithoutSelection" time="0.000">
    <skipped/>
  </testcase> <!-- testContinueWithoutSelection -->
  <testcase classname="tests.SelectHotelTest" name="testContinueWithoutSelection" time="0.000">
    <skipped/>
  </testcase> <!-- testContinueWithoutSelection -->
  <testcase classname="tests.SelectHotelTest" name="testContinueWithoutSelection" time="0.000">
    <skipped/>
  </testcase> <!-- testContinueWithoutSelection -->
  <testcase classname="tests.SelectHotelTest" name="testContinueWithoutSelection" time="0.000">
    <skipped/>
  </testcase> <!-- testContinueWithoutSelection -->
</testsuite> <!-- tests.SelectHotelTest -->
