<?xml version="1.0" encoding="UTF-8"?>
<!-- Generated by org.testng.reporters.JUnitReportReporter -->
<testsuite hostname="LAPTOP-RAGTTIV5" failures="0" tests="20" name="tests.ItineraryTest" time="0.001" errors="0" timestamp="2025-04-09T04:59:33 IST" skipped="20">
  <testcase classname="tests.ItineraryTest" name="confirmBookingAndFetchOrderId" time="0.000">
    <skipped/>
  </testcase> <!-- confirmBookingAndFetchOrderId -->
  <testcase classname="tests.ItineraryTest" name="confirmBookingAndFetchOrderId" time="0.000">
    <skipped/>
  </testcase> <!-- confirmBookingAndFetchOrderId -->
  <testcase classname="tests.ItineraryTest" name="confirmBookingAndFetchOrderId" time="0.000">
    <skipped/>
  </testcase> <!-- confirmBookingAndFetchOrderId -->
  <testcase classname="tests.ItineraryTest" name="confirmBookingAndFetchOrderId" time="0.000">
    <skipped/>
  </testcase> <!-- confirmBookingAndFetchOrderId -->
  <testcase classname="tests.ItineraryTest" name="accessMyItinerary" time="0.000">
    <skipped/>
  </testcase> <!-- accessMyItinerary -->
  <testcase classname="tests.ItineraryTest" name="accessMyItinerary" time="0.000">
    <skipped/>
  </testcase> <!-- accessMyItinerary -->
  <testcase classname="tests.ItineraryTest" name="accessMyItinerary" time="0.000">
    <skipped/>
  </testcase> <!-- accessMyItinerary -->
  <testcase classname="tests.ItineraryTest" name="accessMyItinerary" time="0.000">
    <skipped/>
  </testcase> <!-- accessMyItinerary -->
  <testcase classname="tests.ItineraryTest" name="searchOrderId" time="0.000">
    <skipped/>
  </testcase> <!-- searchOrderId -->
  <testcase classname="tests.ItineraryTest" name="searchOrderId" time="0.000">
    <skipped/>
  </testcase> <!-- searchOrderId -->
  <testcase classname="tests.ItineraryTest" name="searchOrderId" time="0.000">
    <skipped/>
  </testcase> <!-- searchOrderId -->
  <testcase classname="tests.ItineraryTest" name="searchOrderId" time="0.000">
    <skipped/>
  </testcase> <!-- searchOrderId -->
  <testcase classname="tests.ItineraryTest" name="cancelBooking" time="0.000">
    <skipped/>
  </testcase> <!-- cancelBooking -->
  <testcase classname="tests.ItineraryTest" name="cancelBooking" time="0.000">
    <skipped/>
  </testcase> <!-- cancelBooking -->
  <testcase classname="tests.ItineraryTest" name="cancelBooking" time="0.001">
    <skipped/>
  </testcase> <!-- cancelBooking -->
  <testcase classname="tests.ItineraryTest" name="cancelBooking" time="0.000">
    <skipped/>
  </testcase> <!-- cancelBooking -->
  <testcase classname="tests.ItineraryTest" name="cancelAlreadyCanceledBooking" time="0.000">
    <skipped/>
  </testcase> <!-- cancelAlreadyCanceledBooking -->
  <testcase classname="tests.ItineraryTest" name="cancelAlreadyCanceledBooking" time="0.000">
    <skipped/>
  </testcase> <!-- cancelAlreadyCanceledBooking -->
  <testcase classname="tests.ItineraryTest" name="cancelAlreadyCanceledBooking" time="0.000">
    <skipped/>
  </testcase> <!-- cancelAlreadyCanceledBooking -->
  <testcase classname="tests.ItineraryTest" name="cancelAlreadyCanceledBooking" time="0.000">
    <skipped/>
  </testcase> <!-- cancelAlreadyCanceledBooking -->
</testsuite> <!-- tests.ItineraryTest -->
