<?xml version="1.0" encoding="UTF-8"?>
<!-- Generated by org.testng.reporters.JUnitReportReporter -->
<testsuite hostname="LAPTOP-RAGTTIV5" failures="0" tests="2" name="tests.SelectHotelTest" time="15.643" errors="0" timestamp="2025-04-15T01:10:44 IST" skipped="0">
  <testcase classname="tests.SelectHotelTest" name="testSelectHotelAndContinue" time="8.024"/>
  <testcase classname="tests.SelectHotelTest" name="testContinueWithoutSelection" time="7.619"/>
</testsuite> <!-- tests.SelectHotelTest -->
